<?xml version="1.0" encoding="UTF-8"?>
<!-- Generated by org.testng.reporters.JUnitReportReporter -->
<testsuite skipped="0" hostname="DESKTOP-EEAD1M1" name="SeleniumProject.ScreenCapture" tests="1" failures="0" timestamp="2020-05-18T23:05:17 IST" time="14.699" errors="0">
  <testcase name="openBrowser" time="14.699" classname="SeleniumProject.ScreenCapture"/>
</testsuite> <!-- SeleniumProject.ScreenCapture -->
