<?xml version="1.0" encoding="UTF-8"?>
<!-- Generated by org.testng.reporters.JUnitReportReporter -->
<testsuite skipped="0" hostname="DESKTOP-EEAD1M1" name="SeleniumProject.CaptureScreenshot" tests="1" failures="0" timestamp="2020-05-18T22:08:30 IST" time="19.027" errors="0">
  <testcase name="captureScreenMethod" time="19.027" classname="SeleniumProject.CaptureScreenshot"/>
</testsuite> <!-- SeleniumProject.CaptureScreenshot -->
